"../../../../../../Users/alvar/Desktop/esc/UniWLV/GamesDevProjects/Unreal/Game/Content/ExampleContent/Input_Examples/Materials/M_Pixel_Cube.uasset" 0
"../../../../../../Users/alvar/Desktop/esc/UniWLV/GamesDevProjects/Unreal/Game/Content/ExampleContent/Input_Examples/Materials/M_Pixel_Cube_Enemy_Inst.uasset" 1
"../../../../../../Users/alvar/Desktop/esc/UniWLV/GamesDevProjects/Unreal/Game/Content/ExampleContent/Input_Examples/Materials/M_Pixel_Cube_Enemy_2_Inst.uasset" 2
"../../../../../../Users/alvar/Desktop/esc/UniWLV/GamesDevProjects/Unreal/Game/Content/ExampleContent/Input_Examples/Meshes/SM_Pixel_Enemy_1.uasset" 3
"../../../Engine/Content/Functions/Engine_MaterialFunctions01/Texturing/FlattenNormal.uasset" 4
"../../../Engine/Content/Functions/MaterialLayerFunctions/MatLayerBlend_Standard.uasset" 5
"../../../../../../Users/alvar/Desktop/esc/UniWLV/GamesDevProjects/Unreal/Game/Content/ExampleContent/Input_Examples/MaterialLayers/ML_Dirt.uasset" 6
"../../../../../../Users/alvar/Desktop/esc/UniWLV/GamesDevProjects/Unreal/Game/Content/ExampleContent/Input_Examples/MaterialLayers/ML_Emissive.uasset" 7
"../../../../../../Users/alvar/Desktop/esc/UniWLV/GamesDevProjects/Unreal/Game/Content/ExampleContent/Materials/ExampleAsset/Textures/T_ExampleLayers_Metal01_D.uasset" 8
"../../../../../../Users/alvar/Desktop/esc/UniWLV/GamesDevProjects/Unreal/Game/Content/ExampleContent/Materials/ExampleAsset/Textures/T_ExampleLayers_Metal01_N.uasset" 9
"../../../../../../Users/alvar/Desktop/esc/UniWLV/GamesDevProjects/Unreal/Game/Content/ExampleContent/Materials/ExampleAsset/MaterialLayers/ML_Metal_Chrome.uasset" 10
"../../../../../../Users/alvar/Desktop/esc/UniWLV/GamesDevProjects/Unreal/Game/Content/ExampleContent/Materials/ExampleAsset/Textures/T_ExampleLayers_Plastic01_D.uasset" 11
"../../../../../../Users/alvar/Desktop/esc/UniWLV/GamesDevProjects/Unreal/Game/Content/ExampleContent/Materials/ExampleAsset/Textures/T_ExampleLayers_Plastic01_N.uasset" 12
"../../../../../../Users/alvar/Desktop/esc/UniWLV/GamesDevProjects/Unreal/Game/Content/ExampleContent/Materials/ExampleAsset/MaterialLayers/ML_Plastic01.uasset" 13
"../../../../../../Users/alvar/Desktop/esc/UniWLV/GamesDevProjects/Unreal/Game/Content/ExampleContent/Input_Examples/Textures/T_UFO_02_M.uasset" 14
"../../../../../../Users/alvar/Desktop/esc/UniWLV/GamesDevProjects/Unreal/Game/Content/ExampleContent/Input_Examples/Textures/T_UFO_M.uasset" 15
"../../../../../../Users/alvar/Desktop/esc/UniWLV/GamesDevProjects/Unreal/Game/Content/ExampleContent/Input_Examples/Materials/M_UFO_Main.uasset" 16
"../../../../../../Users/alvar/Desktop/esc/UniWLV/GamesDevProjects/Unreal/Game/Content/ExampleContent/Input_Examples/Materials/M_UFO_Main_Inst.uasset" 17
"../../../../../../Users/alvar/Desktop/esc/UniWLV/GamesDevProjects/Unreal/Game/Content/ExampleContent/Input_Examples/Meshes/SM_UFO_Main.uasset" 18
"../../../../../../Users/alvar/Desktop/esc/UniWLV/GamesDevProjects/Unreal/Game/Content/ExampleContent/Landscapes/Textures/T_ForestGround_D.uasset" 19
"../../../../../../Users/alvar/Desktop/esc/UniWLV/GamesDevProjects/Unreal/Game/Content/ExampleContent/Landscapes/Textures/T_Noise_N.uasset" 20
"../../../../../../Users/alvar/Desktop/esc/UniWLV/GamesDevProjects/Unreal/Game/Content/ExampleContent/Landscapes/Materials/M_Rock.uasset" 21
"../../../../../../Users/alvar/Desktop/esc/UniWLV/GamesDevProjects/Unreal/Game/Content/ExampleContent/Landscapes/Meshes/SM_Rock.uasset" 22
"../../../../../../Users/alvar/Desktop/esc/UniWLV/GamesDevProjects/Unreal/Game/Content/Images/lifesSpaceship.uasset" 23
"../../../../../../Users/alvar/Desktop/esc/UniWLV/GamesDevProjects/Unreal/Game/Content/Materials/Invisible.uasset" 24
"../../../../../../Users/alvar/Desktop/esc/UniWLV/GamesDevProjects/Unreal/Game/Content/Sounds/SoundEffects/backward.uasset" 25
"../../../../../../Users/alvar/Desktop/esc/UniWLV/GamesDevProjects/Unreal/Game/Content/Sounds/SoundEffects/bim.uasset" 26
"../../../../../../Users/alvar/Desktop/esc/UniWLV/GamesDevProjects/Unreal/Game/Content/Sounds/SoundEffects/hit.uasset" 27
"../../../../../../Users/alvar/Desktop/esc/UniWLV/GamesDevProjects/Unreal/Game/Content/Sounds/SoundEffects/motor.uasset" 28
"../../../../../../Users/alvar/Desktop/esc/UniWLV/GamesDevProjects/Unreal/Game/Content/Sounds/SoundEffects/pium.uasset" 29
"../../../../../../Users/alvar/Desktop/esc/UniWLV/GamesDevProjects/Unreal/Game/Content/Sounds/SoundEffects/shot.uasset" 30
"../../../../../../Users/alvar/Desktop/esc/UniWLV/GamesDevProjects/Unreal/Game/Content/TwinStick/Audio/TwinStickFire.uasset" 31
"../../../../../../Users/alvar/Desktop/esc/UniWLV/GamesDevProjects/Unreal/Game/Content/TwinStick/Meshes/BaseMaterial.uasset" 32
"../../../../../../Users/alvar/Desktop/esc/UniWLV/GamesDevProjects/Unreal/Game/Content/TwinStick/Meshes/OrangeMaterial.uasset" 33
"../../../../../../Users/alvar/Desktop/esc/UniWLV/GamesDevProjects/Unreal/Game/Content/TwinStick/Meshes/TwinStickProjectile.uasset" 34
"../../../Engine/Content/Functions/Engine_MaterialFunctions01/Opacity/CameraDepthFade.uasset" 35
"../../../Engine/Content/EngineMaterials/T_Default_Material_Grid_M.uasset" 36
"../../../Engine/Content/EngineMaterials/T_Default_Material_Grid_N.uasset" 37
"../../../Engine/Content/EngineMaterials/WorldGridMaterial.uasset" 38
"../../../Engine/Content/ArtTools/RenderToTexture/Meshes/S_1_Unit_Plane.uasset" 39
"../../../Engine/Content/EngineMaterials/DefaultMaterial.uasset" 40
"../../../Engine/Content/BasicShapes/Cone.uasset" 41
"../../../Engine/Content/BasicShapes/Cube.uasset" 42
"../../../Engine/Content/BasicShapes/Cylinder.uasset" 43
"../../../Engine/Content/BasicShapes/Plane.uasset" 44
"../../../Engine/Content/BasicShapes/Sphere.uasset" 45
"../../../Engine/Content/EditorLandscapeResources/DataLayer.uasset" 46
"../../../Engine/Content/EditorMaterials/GizmoMaterial.uasset" 47
"../../../Engine/Content/EditorMaterials/MAT_Groups_Toggle.uasset" 48
"../../../Engine/Content/EditorMaterials/MAT_Groups_Visibility.uasset" 49
"../../../Engine/Content/EditorMaterials/PreviewShadowIndicator.uasset" 50
"../../../Engine/Content/EditorMaterials/PreviewShadowIndicatorMaterial.uasset" 51
"../../../Engine/Content/EditorMaterials/MatineeGroups/MAT_ColorTrack.uasset" 52
"../../../Engine/Content/EditorMaterials/MatineeGroups/MAT_Groups_Anim.uasset" 53
"../../../Engine/Content/EditorMaterials/MatineeGroups/MAT_Groups_AudioMaster.uasset" 54
"../../../Engine/Content/EditorMaterials/MatineeGroups/MAT_Groups_Director.uasset" 55
"../../../Engine/Content/EditorMaterials/MatineeGroups/MAT_Groups_Event.uasset" 56
"../../../Engine/Content/EditorMaterials/MatineeGroups/MAT_Groups_Fade.uasset" 57
"../../../Engine/Content/EditorMaterials/MatineeGroups/MAT_Groups_Float.uasset" 58
"../../../Engine/Content/EditorMaterials/MatineeGroups/MAT_Groups_Move.uasset" 59
"../../../Engine/Content/EditorMaterials/MatineeGroups/MAT_Groups_Slomo.uasset" 60
"../../../Engine/Content/EditorMaterials/MatineeGroups/MAT_Groups_Sound.uasset" 61
"../../../Engine/Content/EditorMaterials/MatineeGroups/MAT_Groups_Vector.uasset" 62
"../../../Engine/Content/EditorMaterials/ParticleSystems/PSysThumbnail_NoImage.uasset" 63
"../../../Engine/Content/EditorMaterials/ParticleSystems/PSysThumbnail_OOD.uasset" 64
"../../../Engine/Content/EditorMaterials/Camera/CineMat.uasset" 65
"../../../Engine/Content/EditorMaterials/Camera/MI_CineMat_Rig.uasset" 66
"../../../Engine/Content/EditorMeshes/Camera/SM_CraneRig_Arm.uasset" 67
"../../../Engine/Content/EditorMeshes/Camera/SM_CraneRig_Base.uasset" 68
"../../../Engine/Content/EditorMeshes/Camera/SM_CraneRig_Body.uasset" 69
"../../../Engine/Content/EditorMeshes/Camera/SM_CraneRig_Mount.uasset" 70
"../../../Engine/Content/EditorMeshes/Camera/SM_RailRig_Mount.uasset" 71
"../../../Engine/Content/EditorMeshes/Camera/SM_RailRig_Track.uasset" 72
"../../../Engine/Content/EditorResources/BSPVertex.uasset" 73
"../../../Engine/Content/EditorResources/EmptyActor.uasset" 74
"../../../Engine/Content/EditorResources/S_Actor.uasset" 75
"../../../Engine/Content/EditorResources/S_Trigger.uasset" 76
"../../../Engine/Content/EditorResources/AudioIcons/S_AudioComponent_AutoActivate.uasset" 77
"../../../Engine/Content/EditorResources/SequenceRecorder/Countdown.uasset" 78
"../../../Engine/Content/EditorResources/SequenceRecorder/RecordingIndicator.uasset" 79
"../../../Engine/Content/EditorSounds/Notifications/CompileFailed.uasset" 80
"../../../Engine/Content/EditorSounds/Notifications/CompileFailed_Cue.uasset" 81
"../../../Engine/Content/EditorSounds/Notifications/CompileSuccess.uasset" 82
"../../../Engine/Content/EditorSounds/Notifications/CompileStart_Cue.uasset" 83
"../../../Engine/Content/EditorSounds/Notifications/CompileSuccess_Cue.uasset" 84
"../../../Engine/Content/EngineDamageTypes/DmgTypeBP_Environmental.uasset" 85
"../../../Engine/Content/EngineDebugMaterials/HeatmapGradient.uasset" 86
"../../../Engine/Content/EngineDebugMaterials/BoneWeightMaterial.uasset" 87
"../../../Engine/Content/EngineDebugMaterials/ClothMaterial.uasset" 88
"../../../Engine/Content/EngineDebugMaterials/ClothMaterial_WF.uasset" 89
"../../../Engine/Content/EngineDebugMaterials/DebugEditorMaterial.uasset" 90
"../../../Engine/Content/EngineDebugMaterials/DebugMeshMaterial.uasset" 91
"../../../Engine/Content/EngineDebugMaterials/GeomMaterial.uasset" 92
"../../../Engine/Content/EngineDebugMaterials/M_SimpleTranslucent.uasset" 93
"../../../Engine/Content/EngineFonts/Faces/RobotoBold.uasset" 94
"../../../Engine/Content/EngineFonts/Faces/RobotoBoldItalic.uasset" 95
"../../../Engine/Content/EngineFonts/Faces/RobotoItalic.uasset" 96
"../../../Engine/Content/EngineFonts/Faces/RobotoLight.uasset" 97
"../../../Engine/Content/EngineFonts/Faces/RobotoRegular.uasset" 98
"../../../Engine/Content/EngineFonts/Roboto.uasset" 99
"../../../Engine/Content/EngineFonts/Faces/RobotoTiny.uasset" 100
"../../../Engine/Content/EngineFonts/RobotoTiny.uasset" 101
"../../../Engine/Content/EngineMaterials/BaseFlattenDiffuseMap.uasset" 102
"../../../Engine/Content/EngineMaterials/BaseFlattenEmissiveMap.uasset" 103
"../../../Engine/Content/EngineMaterials/BaseFlattenGrayscaleMap.uasset" 104
"../../../Engine/Content/EngineMaterials/BaseFlattenNormalMap.uasset" 105
"../../../Engine/Content/EngineMaterials/BaseFlattenMaterial.uasset" 106
"../../../Engine/Content/EngineMaterials/DefaultBloomKernel.uasset" 107
"../../../Engine/Content/EngineMaterials/DefaultBokeh.uasset" 108
"../../../Engine/Content/EngineMaterials/DefaultDiffuse.uasset" 109
"../../../Engine/Content/EngineMaterials/DefaultDeferredDecalMaterial.uasset" 110
"../../../Engine/Content/EngineMaterials/DefaultLightFunctionMaterial.uasset" 111
"../../../Engine/Content/EngineMaterials/DefaultPhysicalMaterial.uasset" 112
"../../../Engine/Content/Functions/Engine_MaterialFunctions02/Utility/BreakOutFloat2Components.uasset" 113
"../../../Engine/Content/EngineMaterials/DefaultPostProcessMaterial.uasset" 114
"../../../Engine/Content/EngineFonts/RobotoDistanceField.uasset" 115
"../../../Engine/Content/EngineMaterials/DefaultTextMaterialOpaque.uasset" 116
"../../../Engine/Content/EngineMaterials/DefaultWhiteGrid.uasset" 117
"../../../Engine/Content/EngineMaterials/EditorBrushMaterial.uasset" 118
"../../../Engine/Content/EngineMaterials/Good64x64TilingNoiseHighFreq.uasset" 119
"../../../Engine/Content/EngineMaterials/MiniFont.uasset" 120
"../../../Engine/Content/EngineMaterials/InvalidLightmapSettings.uasset" 121
"../../../Engine/Content/EngineMaterials/M_InvalidLightmapSettings.uasset" 122
"../../../Engine/Content/Functions/Engine_MaterialFunctions02/WorldPositionOffset/CameraOffset.uasset" 123
"../../../Engine/Content/EngineMaterials/PhAT_JointLimitMaterial.uasset" 124
"../../../Engine/Content/EngineMaterials/PreintegratedSkinBRDF.uasset" 125
"../../../Engine/Content/EngineMaterials/RemoveSurfaceMaterial.uasset" 126
"../../../Engine/Content/EngineMaterials/WeightMapPlaceholderTexture.uasset" 127
"../../../Engine/Content/EngineResources/WhiteSquareTexture.uasset" 128
"../../../Engine/Content/EngineMaterials/Widget3DPassThrough.uasset" 129
"../../../Engine/Content/EngineMaterials/Widget3DPassThrough_Masked.uasset" 130
"../../../Engine/Content/EngineMaterials/Widget3DPassThrough_Opaque.uasset" 131
"../../../Engine/Content/EngineMaterials/Widget3DPassThrough_Masked_OneSided.uasset" 132
"../../../Engine/Content/EngineMaterials/Widget3DPassThrough_Opaque_OneSided.uasset" 133
"../../../Engine/Content/EngineMaterials/Widget3DPassThrough_Translucent.uasset" 134
"../../../Engine/Content/EngineMaterials/Widget3DPassThrough_Translucent_OneSided.uasset" 135
"../../../Engine/Content/EngineMeshes/Cylinder.uasset" 136
"../../../Engine/Content/EngineMeshes/Sphere.uasset" 137
"../../../Engine/Content/EngineResources/Black.uasset" 138
"../../../Engine/Content/EngineResources/DefaultTexture.uasset" 139
"../../../Engine/Content/EngineResources/DefaultTextureCube.uasset" 140
"../../../Engine/Content/EngineResources/DefaultVolumeTexture2D.uasset" 141
"../../../Engine/Content/EngineResources/DefaultVolumeTexture.uasset" 142
"../../../Engine/Content/EngineResources/GradientTexture0.uasset" 143
"../../../Engine/Content/EngineSounds/Master.uasset" 144
"../../../Engine/Content/Functions/Engine_MaterialFunctions01/Shading/ConvertFromDiffSpec.uasset" 145
"../../../Engine/Content/Functions/Engine_MaterialFunctions01/Shading/PowerToRoughness.uasset" 146
"../../../Engine/Content/Maps/Templates/Thumbnails/Default.uasset" 147
"../../../Engine/Content/Maps/Templates/Thumbnails/VR-Basic.uasset" 148
"../../../Engine/Content/MobileResources/T_MobileControls_texture.uasset" 149
"../../../Engine/Content/MobileResources/T_MobileMenu2.uasset" 150
"../../../Engine/Content/MobileResources/HUD/AnalogHat.uasset" 151
"../../../Engine/Content/MobileResources/HUD/VirtualJoystick_Background.uasset" 152
"../../../Engine/Content/MobileResources/HUD/VirtualJoystick_Thumb.uasset" 153
"../../../Engine/Content/MobileResources/HUD/DefaultVirtualJoysticks.uasset" 154
"../../../Engine/Content/MobileResources/HUD/LeftVirtualJoystickOnly.uasset" 155
"../../../Engine/Content/MobileResources/HUD/MobileHUDButton1_off.uasset" 156
"../../../Engine/Content/MobileResources/HUD/MobileHUDButton1_on.uasset" 157
"../../../Engine/Content/MobileResources/HUD/MobileHUDButton2_off.uasset" 158
"../../../Engine/Content/MobileResources/HUD/MobileHUDButton2_on.uasset" 159
"../../../Engine/Content/MobileResources/HUD/MobileHUDButton3.uasset" 160
"../../../Engine/Content/MobileResources/HUD/MobileHUDButtonFire.uasset" 161
"../../../Engine/Content/MobileResources/HUD/MobileHUDDirectionPad.uasset" 162
"../../../Engine/Content/MobileResources/HUD/MobileHUDDirectionPad2.uasset" 163
"../../../Engine/Content/MobileResources/HUD/MobileHUDDirectionPad3.uasset" 164
"../../../Engine/Content/MobileResources/HUD/MobileHUDDirectionStick.uasset" 165
"../../../Engine/Content/MobileResources/HUD/T_Castle_ThumbstickInner.uasset" 166
"../../../Engine/Content/MobileResources/HUD/T_Castle_ThumbstickOutter.uasset" 167
"../../../Engine/Content/Tutorial/ContentIntroCurve.uasset" 168
"../../../Engine/Content/VREditor/LaserPointer/VR_LaserPower_01.uasset" 169
"../../../Engine/Content/VREditor/TransformGizmo/TransformGizmoMaterial.uasset" 170
"../../../Engine/Content/VREditor/TransformGizmo/TranslucentTransformGizmoMaterial.uasset" 171
"../../../Engine/Content/VREditor/TransformGizmo/BoundingBoxCorner.uasset" 172
"../../../Engine/Content/VREditor/TransformGizmo/BoundingBoxEdge.uasset" 173
"../../../Engine/Content/VREditor/TransformGizmo/PlaneTranslationHandle.uasset" 174
"../../../Engine/Content/VREditor/TransformGizmo/Main.uasset" 175
"../../../Engine/Content/VREditor/TransformGizmo/Xray.uasset" 176
"../../../Engine/Content/VREditor/TransformGizmo/SM_Sequencer_Key.uasset" 177
"../../../Engine/Content/VREditor/TransformGizmo/SM_Sequencer_Node.uasset" 178
"../../Plugins/2D/Paper2D/Content/PlaceholderTextures/DummySpriteTexture.uasset" 179
"../../Plugins/2D/Paper2D/Content/DummySprite.uasset" 180
"../../Plugins/2D/Paper2D/Content/DefaultPaperTerrainMaterial.uasset" 181
"../../Plugins/2D/Paper2D/Content/DefaultSpriteMaterial.uasset" 182
"../../Plugins/2D/Paper2D/Content/MaskedUnlitSpriteMaterial.uasset" 183
"../../Plugins/2D/Paper2D/Content/OpaqueUnlitSpriteMaterial.uasset" 184
"../../Plugins/Runtime/Oculus/OculusVR/Content/Materials/PokeAHoleMaterial.uasset" 185
"../../Plugins/Runtime/Oculus/OculusVR/Content/Textures/GearVRController_AO.uasset" 186
"../../Plugins/Runtime/Oculus/OculusVR/Content/Textures/GearVRController_Color.uasset" 187
"../../Plugins/Runtime/Oculus/OculusVR/Content/Textures/GearVRController_Normal.uasset" 188
"../../Plugins/Runtime/Oculus/OculusVR/Content/Materials/GearVRControllerMaterial.uasset" 189
"../../Plugins/Runtime/Oculus/OculusVR/Content/Meshes/GearVrController.uasset" 190
"../../Plugins/Runtime/Oculus/OculusVR/Content/Textures/touchController_albedo.uasset" 191
"../../Plugins/Runtime/Oculus/OculusVR/Content/Textures/touchController_controlmap.uasset" 192
"../../Plugins/Runtime/Oculus/OculusVR/Content/Materials/touchController_mat.uasset" 193
"../../Plugins/Runtime/Oculus/OculusVR/Content/Meshes/LeftTouchController.uasset" 194
"../../Plugins/Runtime/Oculus/OculusVR/Content/Meshes/RiftHMD.uasset" 195
"../../Plugins/Runtime/Oculus/OculusVR/Content/Meshes/RightTouchController.uasset" 196
"../../../../../../Users/alvar/Desktop/esc/UniWLV/GamesDevProjects/Unreal/Game/Content/Materials/Nebula512.uasset" 197
"../../../../../../Users/alvar/Desktop/esc/UniWLV/GamesDevProjects/Unreal/Game/Content/Materials/SkyboxMat.uasset" 198
"../../../Engine/Content/EngineSky/T_Sky_Blue.uasset" 199
"../../../Engine/Content/EngineSky/T_Sky_Clouds_M.uasset" 200
"../../../Engine/Content/EngineSky/T_Sky_Stars.uasset" 201
"../../../Engine/Content/EngineSky/M_Sky_Panning_Clouds2.uasset" 202
"../../../Engine/Content/EngineSky/SM_SkySphere.uasset" 203
"../../../../../../Users/alvar/Desktop/esc/UniWLV/GamesDevProjects/Unreal/Game/Content/Blueprints/Skybox/Skybox.uasset" 204
"../../../../../../Users/alvar/Desktop/esc/UniWLV/GamesDevProjects/Unreal/Game/Content/Maps/GameMap_BuiltData.uasset" 205
"../../../../../../Users/alvar/Desktop/esc/UniWLV/GamesDevProjects/Unreal/Game/Content/Sounds/Music/SpaceM.uasset" 206
"../../../../../../Users/alvar/Desktop/esc/UniWLV/GamesDevProjects/Unreal/Game/Content/Sounds/Music/SpaceMCube.uasset" 207
"../../../../../../Users/alvar/Desktop/esc/UniWLV/GamesDevProjects/Unreal/Game/Content/Maps/GameMap.umap" 208
"../../../../../../Users/alvar/Desktop/esc/UniWLV/GamesDevProjects/Unreal/Game/Content/Images/Game_Over.uasset" 209
"../../../../../../Users/alvar/Desktop/esc/UniWLV/GamesDevProjects/Unreal/Game/Content/Blueprints/UI/GameOver.uasset" 210
"../../../../../../Users/alvar/Desktop/esc/UniWLV/GamesDevProjects/Unreal/Game/Content/Sounds/Music/Smusic.uasset" 211
"../../../../../../Users/alvar/Desktop/esc/UniWLV/GamesDevProjects/Unreal/Game/Content/Sounds/Music/SmusicCube.uasset" 212
"../../../../../../Users/alvar/Desktop/esc/UniWLV/GamesDevProjects/Unreal/Game/Content/Maps/GameOver.umap" 213
"../../../../../../Users/alvar/Desktop/esc/UniWLV/GamesDevProjects/Unreal/Game/Content/Maps/MainMenu_BuiltData.uasset" 214
"../../../../../../Users/alvar/Desktop/esc/UniWLV/GamesDevProjects/Unreal/Game/Content/Images/menuBack.uasset" 215
"../../../../../../Users/alvar/Desktop/esc/UniWLV/GamesDevProjects/Unreal/Game/Content/Blueprints/UI/MainMenu.uasset" 216
"../../../../../../Users/alvar/Desktop/esc/UniWLV/GamesDevProjects/Unreal/Game/Content/Sounds/Music/Hmusic.uasset" 217
"../../../../../../Users/alvar/Desktop/esc/UniWLV/GamesDevProjects/Unreal/Game/Content/Sounds/Music/Menu_Cube.uasset" 218
"../../../../../../Users/alvar/Desktop/esc/UniWLV/GamesDevProjects/Unreal/Game/Content/Maps/MainMenu.umap" 219
"../../../Engine/Content/Maps/Entry_BuiltData.uasset" 220
"../../../Engine/Content/Maps/Entry.umap" 221
